# JRE version: OpenJDK Runtime Environment Temurin-21.0.7+6 (21.0.7+6) (build 21.0.7+6-LTS)
# Java VM: OpenJDK 64-Bit Server VM Temurin-21.0.7+6 (21.0.7+6-LTS, mixed mode, sharing, tiered, compressed oops, compressed class ptrs, parallel gc, windows-amd64)
GC Precious Log:
 CardTable entry size: 512
 CPUs: 8 total, 8 available
 Memory: 16167M
 Large Page Support: Disabled
 NUMA Support: Disabled
 Compressed Oops: Enabled (32-bit)
 Alignments: Space 512K, Generation 512K, Heap 2M
 Heap Min Capacity: 100M
 Heap Initial Capacity: 100M
 Heap Max Capacity: 1G
 Pre-touch: Disabled
 Parallel Workers: 8
Heap:
 PSYoungGen      total 22528K, used 12343K [0x00000000eab00000, 0x00000000ec200000, 0x0000000100000000)
  eden space 22016K, 55% used [0x00000000eab00000,0x00000000eb6edd70,0x00000000ec080000)
  from space 512K, 25% used [0x00000000ec180000,0x00000000ec1a0000,0x00000000ec200000)
  to   space 512K, 0% used [0x00000000ec100000,0x00000000ec100000,0x00000000ec180000)
 ParOldGen       total 68608K, used 52024K [0x00000000c0000000, 0x00000000c4300000, 0x00000000eab00000)
  object space 68608K, 75% used [0x00000000c0000000,0x00000000c32ce238,0x00000000c4300000)
 Metaspace       used 63262K, committed 64640K, reserved 1114112K
  class space    used 7709K, committed 8320K, reserved 1048576K
GC Heap History (20 events):
Event: 25.439 GC heap before
{Heap before GC invocations=38 (full 3):
 PSYoungGen      total 24064K, used 23741K [0x00000000eab00000, 0x00000000ec480000, 0x0000000100000000)
  eden space 22016K, 100% used [0x00000000eab00000,0x00000000ec080000,0x00000000ec080000)
  from space 2048K, 84% used [0x00000000ec280000,0x00000000ec42f408,0x00000000ec480000)
  to   space 2048K, 0% used [0x00000000ec080000,0x00000000ec080000,0x00000000ec280000)
 ParOldGen       total 68608K, used 49301K [0x00000000c0000000, 0x00000000c4300000, 0x00000000eab00000)
  object space 68608K, 71% used [0x00000000c0000000,0x00000000c3025430,0x00000000c4300000)
 Metaspace       used 61581K, committed 62976K, reserved 1114112K
  class space    used 7450K, committed 8064K, reserved 1048576K
}
Event: 25.441 GC heap after
{Heap after GC invocations=38 (full 3):
 PSYoungGen      total 23040K, used 619K [0x00000000eab00000, 0x00000000ec380000, 0x0000000100000000)
  eden space 22016K, 0% used [0x00000000eab00000,0x00000000eab00000,0x00000000ec080000)
  from space 1024K, 60% used [0x00000000ec080000,0x00000000ec11aec8,0x00000000ec180000)
  to   space 1536K, 0% used [0x00000000ec200000,0x00000000ec200000,0x00000000ec380000)
 ParOldGen       total 68608K, used 50837K [0x00000000c0000000, 0x00000000c4300000, 0x00000000eab00000)
  object space 68608K, 74% used [0x00000000c0000000,0x00000000c31a5430,0x00000000c4300000)
 Metaspace       used 61581K, committed 62976K, reserved 1114112K
  class space    used 7450K, committed 8064K, reserved 1048576K
}
Event: 25.815 GC heap before
{Heap before GC invocations=39 (full 3):
 PSYoungGen      total 23040K, used 22635K [0x00000000eab00000, 0x00000000ec380000, 0x0000000100000000)
  eden space 22016K, 100% used [0x00000000eab00000,0x00000000ec080000,0x00000000ec080000)
  from space 1024K, 60% used [0x00000000ec080000,0x00000000ec11aec8,0x00000000ec180000)
  to   space 1536K, 0% used [0x00000000ec200000,0x00000000ec200000,0x00000000ec380000)
 ParOldGen       total 68608K, used 50837K [0x00000000c0000000, 0x00000000c4300000, 0x00000000eab00000)
  object space 68608K, 74% used [0x00000000c0000000,0x00000000c31a5430,0x00000000c4300000)
 Metaspace       used 62321K, committed 63744K, reserved 1114112K
  class space    used 7563K, committed 8192K, reserved 1048576K
}
Event: 25.817 GC heap after
{Heap after GC invocations=39 (full 3):
 PSYoungGen      total 23040K, used 812K [0x00000000eab00000, 0x00000000ec300000, 0x0000000100000000)
  eden space 22016K, 0% used [0x00000000eab00000,0x00000000eab00000,0x00000000ec080000)
  from space 1024K, 79% used [0x00000000ec200000,0x00000000ec2cb160,0x00000000ec300000)
  to   space 1024K, 0% used [0x00000000ec080000,0x00000000ec080000,0x00000000ec180000)
 ParOldGen       total 68608K, used 51039K [0x00000000c0000000, 0x00000000c4300000, 0x00000000eab00000)
  object space 68608K, 74% used [0x00000000c0000000,0x00000000c31d7fb0,0x00000000c4300000)
 Metaspace       used 62321K, committed 63744K, reserved 1114112K
  class space    used 7563K, committed 8192K, reserved 1048576K
}
Event: 26.253 GC heap before
{Heap before GC invocations=40 (full 3):
 PSYoungGen      total 23040K, used 22828K [0x00000000eab00000, 0x00000000ec300000, 0x0000000100000000)
  eden space 22016K, 100% used [0x00000000eab00000,0x00000000ec080000,0x00000000ec080000)
  from space 1024K, 79% used [0x00000000ec200000,0x00000000ec2cb160,0x00000000ec300000)
  to   space 1024K, 0% used [0x00000000ec080000,0x00000000ec080000,0x00000000ec180000)
 ParOldGen       total 68608K, used 51039K [0x00000000c0000000, 0x00000000c4300000, 0x00000000eab00000)
  object space 68608K, 74% used [0x00000000c0000000,0x00000000c31d7fb0,0x00000000c4300000)
 Metaspace       used 62321K, committed 63744K, reserved 1114112K
  class space    used 7563K, committed 8192K, reserved 1048576K
}
Event: 26.254 GC heap after
{Heap after GC invocations=40 (full 3):
 PSYoungGen      total 23040K, used 266K [0x00000000eab00000, 0x00000000ec280000, 0x0000000100000000)
  eden space 22016K, 0% used [0x00000000eab00000,0x00000000eab00000,0x00000000ec080000)
  from space 1024K, 26% used [0x00000000ec080000,0x00000000ec0c29a0,0x00000000ec180000)
  to   space 512K, 0% used [0x00000000ec200000,0x00000000ec200000,0x00000000ec280000)
 ParOldGen       total 68608K, used 51263K [0x00000000c0000000, 0x00000000c4300000, 0x00000000eab00000)
  object space 68608K, 74% used [0x00000000c0000000,0x00000000c320ffb0,0x00000000c4300000)
 Metaspace       used 62321K, committed 63744K, reserved 1114112K
  class space    used 7563K, committed 8192K, reserved 1048576K
}
Event: 26.618 GC heap before
{Heap before GC invocations=41 (full 3):
 PSYoungGen      total 23040K, used 22282K [0x00000000eab00000, 0x00000000ec280000, 0x0000000100000000)
  eden space 22016K, 100% used [0x00000000eab00000,0x00000000ec080000,0x00000000ec080000)
  from space 1024K, 26% used [0x00000000ec080000,0x00000000ec0c29a0,0x00000000ec180000)
  to   space 512K, 0% used [0x00000000ec200000,0x00000000ec200000,0x00000000ec280000)
 ParOldGen       total 68608K, used 51263K [0x00000000c0000000, 0x00000000c4300000, 0x00000000eab00000)
  object space 68608K, 74% used [0x00000000c0000000,0x00000000c320ffb0,0x00000000c4300000)
 Metaspace       used 62321K, committed 63744K, reserved 1114112K
  class space    used 7563K, committed 8192K, reserved 1048576K
}
Event: 26.619 GC heap after
{Heap after GC invocations=41 (full 3):
 PSYoungGen      total 22528K, used 288K [0x00000000eab00000, 0x00000000ec280000, 0x0000000100000000)
  eden space 22016K, 0% used [0x00000000eab00000,0x00000000eab00000,0x00000000ec080000)
  from space 512K, 56% used [0x00000000ec200000,0x00000000ec248000,0x00000000ec280000)
  to   space 512K, 0% used [0x00000000ec180000,0x00000000ec180000,0x00000000ec200000)
 ParOldGen       total 68608K, used 51348K [0x00000000c0000000, 0x00000000c4300000, 0x00000000eab00000)
  object space 68608K, 74% used [0x00000000c0000000,0x00000000c3225080,0x00000000c4300000)
 Metaspace       used 62321K, committed 63744K, reserved 1114112K
  class space    used 7563K, committed 8192K, reserved 1048576K
}
Event: 26.909 GC heap before
{Heap before GC invocations=42 (full 3):
 PSYoungGen      total 22528K, used 22304K [0x00000000eab00000, 0x00000000ec280000, 0x0000000100000000)
  eden space 22016K, 100% used [0x00000000eab00000,0x00000000ec080000,0x00000000ec080000)
  from space 512K, 56% used [0x00000000ec200000,0x00000000ec248000,0x00000000ec280000)
  to   space 512K, 0% used [0x00000000ec180000,0x00000000ec180000,0x00000000ec200000)
 ParOldGen       total 68608K, used 51348K [0x00000000c0000000, 0x00000000c4300000, 0x00000000eab00000)
  object space 68608K, 74% used [0x00000000c0000000,0x00000000c3225080,0x00000000c4300000)
 Metaspace       used 62321K, committed 63744K, reserved 1114112K
  class space    used 7563K, committed 8192K, reserved 1048576K
}
Event: 26.910 GC heap after
{Heap after GC invocations=42 (full 3):
 PSYoungGen      total 22528K, used 496K [0x00000000eab00000, 0x00000000ec380000, 0x0000000100000000)
  eden space 22016K, 0% used [0x00000000eab00000,0x00000000eab00000,0x00000000ec080000)
  from space 512K, 96% used [0x00000000ec180000,0x00000000ec1fc0f0,0x00000000ec200000)
  to   space 1536K, 0% used [0x00000000ec200000,0x00000000ec200000,0x00000000ec380000)
 ParOldGen       total 68608K, used 51806K [0x00000000c0000000, 0x00000000c4300000, 0x00000000eab00000)
  object space 68608K, 75% used [0x00000000c0000000,0x00000000c32979d0,0x00000000c4300000)
 Metaspace       used 62321K, committed 63744K, reserved 1114112K
  class space    used 7563K, committed 8192K, reserved 1048576K
}
Event: 27.156 GC heap before
{Heap before GC invocations=43 (full 3):
 PSYoungGen      total 22528K, used 22509K [0x00000000eab00000, 0x00000000ec380000, 0x0000000100000000)
  eden space 22016K, 99% used [0x00000000eab00000,0x00000000ec07f598,0x00000000ec080000)
  from space 512K, 96% used [0x00000000ec180000,0x00000000ec1fc0f0,0x00000000ec200000)
  to   space 1536K, 0% used [0x00000000ec200000,0x00000000ec200000,0x00000000ec380000)
 ParOldGen       total 68608K, used 51806K [0x00000000c0000000, 0x00000000c4300000, 0x00000000eab00000)
  object space 68608K, 75% used [0x00000000c0000000,0x00000000c32979d0,0x00000000c4300000)
 Metaspace       used 62321K, committed 63744K, reserved 1114112K
  class space    used 7563K, committed 8192K, reserved 1048576K
}
Event: 27.157 GC heap after
{Heap after GC invocations=43 (full 3):
 PSYoungGen      total 23552K, used 1128K [0x00000000eab00000, 0x00000000ec380000, 0x0000000100000000)
  eden space 22016K, 0% used [0x00000000eab00000,0x00000000eab00000,0x00000000ec080000)
  from space 1536K, 73% used [0x00000000ec200000,0x00000000ec31a160,0x00000000ec380000)
  to   space 1536K, 0% used [0x00000000ec080000,0x00000000ec080000,0x00000000ec200000)
 ParOldGen       total 68608K, used 51838K [0x00000000c0000000, 0x00000000c4300000, 0x00000000eab00000)
  object space 68608K, 75% used [0x00000000c0000000,0x00000000c329f9d0,0x00000000c4300000)
 Metaspace       used 62321K, committed 63744K, reserved 1114112K
  class space    used 7563K, committed 8192K, reserved 1048576K
}
Event: 27.657 GC heap before
{Heap before GC invocations=44 (full 3):
 PSYoungGen      total 23552K, used 23144K [0x00000000eab00000, 0x00000000ec380000, 0x0000000100000000)
  eden space 22016K, 100% used [0x00000000eab00000,0x00000000ec080000,0x00000000ec080000)
  from space 1536K, 73% used [0x00000000ec200000,0x00000000ec31a160,0x00000000ec380000)
  to   space 1536K, 0% used [0x00000000ec080000,0x00000000ec080000,0x00000000ec200000)
 ParOldGen       total 68608K, used 51838K [0x00000000c0000000, 0x00000000c4300000, 0x00000000eab00000)
  object space 68608K, 75% used [0x00000000c0000000,0x00000000c329f9d0,0x00000000c4300000)
 Metaspace       used 62321K, committed 63744K, reserved 1114112K
  class space    used 7563K, committed 8192K, reserved 1048576K
}
Event: 27.658 GC heap after
{Heap after GC invocations=44 (full 3):
 PSYoungGen      total 23040K, used 955K [0x00000000eab00000, 0x00000000ec280000, 0x0000000100000000)
  eden space 22016K, 0% used [0x00000000eab00000,0x00000000eab00000,0x00000000ec080000)
  from space 1024K, 93% used [0x00000000ec080000,0x00000000ec16ed78,0x00000000ec180000)
  to   space 1024K, 0% used [0x00000000ec180000,0x00000000ec180000,0x00000000ec280000)
 ParOldGen       total 68608K, used 51902K [0x00000000c0000000, 0x00000000c4300000, 0x00000000eab00000)
  object space 68608K, 75% used [0x00000000c0000000,0x00000000c32af9d0,0x00000000c4300000)
 Metaspace       used 62321K, committed 63744K, reserved 1114112K
  class space    used 7563K, committed 8192K, reserved 1048576K
}
Event: 28.156 GC heap before
{Heap before GC invocations=45 (full 3):
 PSYoungGen      total 23040K, used 22911K [0x00000000eab00000, 0x00000000ec280000, 0x0000000100000000)
  eden space 22016K, 99% used [0x00000000eab00000,0x00000000ec071178,0x00000000ec080000)
  from space 1024K, 93% used [0x00000000ec080000,0x00000000ec16ed78,0x00000000ec180000)
  to   space 1024K, 0% used [0x00000000ec180000,0x00000000ec180000,0x00000000ec280000)
 ParOldGen       total 68608K, used 51902K [0x00000000c0000000, 0x00000000c4300000, 0x00000000eab00000)
  object space 68608K, 75% used [0x00000000c0000000,0x00000000c32af9d0,0x00000000c4300000)
 Metaspace       used 62322K, committed 63744K, reserved 1114112K
  class space    used 7563K, committed 8192K, reserved 1048576K
}
Event: 28.156 GC heap after
{Heap after GC invocations=45 (full 3):
 PSYoungGen      total 23040K, used 575K [0x00000000eab00000, 0x00000000ec280000, 0x0000000100000000)
  eden space 22016K, 0% used [0x00000000eab00000,0x00000000eab00000,0x00000000ec080000)
  from space 1024K, 56% used [0x00000000ec180000,0x00000000ec20ff98,0x00000000ec280000)
  to   space 1024K, 0% used [0x00000000ec080000,0x00000000ec080000,0x00000000ec180000)
 ParOldGen       total 68608K, used 51942K [0x00000000c0000000, 0x00000000c4300000, 0x00000000eab00000)
  object space 68608K, 75% used [0x00000000c0000000,0x00000000c32b99d0,0x00000000c4300000)
 Metaspace       used 62322K, committed 63744K, reserved 1114112K
  class space    used 7563K, committed 8192K, reserved 1048576K
}
Event: 28.531 GC heap before
{Heap before GC invocations=46 (full 3):
 PSYoungGen      total 23040K, used 22591K [0x00000000eab00000, 0x00000000ec280000, 0x0000000100000000)
  eden space 22016K, 100% used [0x00000000eab00000,0x00000000ec080000,0x00000000ec080000)
  from space 1024K, 56% used [0x00000000ec180000,0x00000000ec20ff98,0x00000000ec280000)
  to   space 1024K, 0% used [0x00000000ec080000,0x00000000ec080000,0x00000000ec180000)
 ParOldGen       total 68608K, used 51942K [0x00000000c0000000, 0x00000000c4300000, 0x00000000eab00000)
  object space 68608K, 75% used [0x00000000c0000000,0x00000000c32b99d0,0x00000000c4300000)
 Metaspace       used 62322K, committed 63744K, reserved 1114112K
  class space    used 7563K, committed 8192K, reserved 1048576K
}
Event: 28.532 GC heap after
{Heap after GC invocations=46 (full 3):
 PSYoungGen      total 23040K, used 365K [0x00000000eab00000, 0x00000000ec200000, 0x0000000100000000)
  eden space 22016K, 0% used [0x00000000eab00000,0x00000000eab00000,0x00000000ec080000)
  from space 1024K, 35% used [0x00000000ec080000,0x00000000ec0db420,0x00000000ec180000)
  to   space 512K, 0% used [0x00000000ec180000,0x00000000ec180000,0x00000000ec200000)
 ParOldGen       total 68608K, used 51982K [0x00000000c0000000, 0x00000000c4300000, 0x00000000eab00000)
  object space 68608K, 75% used [0x00000000c0000000,0x00000000c32c39d0,0x00000000c4300000)
 Metaspace       used 62322K, committed 63744K, reserved 1114112K
  class space    used 7563K, committed 8192K, reserved 1048576K
}
Event: 28.857 GC heap before
{Heap before GC invocations=47 (full 3):
 PSYoungGen      total 23040K, used 22381K [0x00000000eab00000, 0x00000000ec200000, 0x0000000100000000)
  eden space 22016K, 100% used [0x00000000eab00000,0x00000000ec080000,0x00000000ec080000)
  from space 1024K, 35% used [0x00000000ec080000,0x00000000ec0db420,0x00000000ec180000)
  to   space 512K, 0% used [0x00000000ec180000,0x00000000ec180000,0x00000000ec200000)
 ParOldGen       total 68608K, used 51982K [0x00000000c0000000, 0x00000000c4300000, 0x00000000eab00000)
  object space 68608K, 75% used [0x00000000c0000000,0x00000000c32c39d0,0x00000000c4300000)
 Metaspace       used 62322K, committed 63744K, reserved 1114112K
  class space    used 7563K, committed 8192K, reserved 1048576K
}
Event: 28.858 GC heap after
{Heap after GC invocations=47 (full 3):
 PSYoungGen      total 22528K, used 128K [0x00000000eab00000, 0x00000000ec200000, 0x0000000100000000)
  eden space 22016K, 0% used [0x00000000eab00000,0x00000000eab00000,0x00000000ec080000)
  from space 512K, 25% used [0x00000000ec180000,0x00000000ec1a0000,0x00000000ec200000)
  to   space 512K, 0% used [0x00000000ec100000,0x00000000ec100000,0x00000000ec180000)
 ParOldGen       total 68608K, used 52024K [0x00000000c0000000, 0x00000000c4300000, 0x00000000eab00000)
  object space 68608K, 75% used [0x00000000c0000000,0x00000000c32ce238,0x00000000c4300000)
 Metaspace       used 62322K, committed 63744K, reserved 1114112K
  class space    used 7563K, committed 8192K, reserved 1048576K
}

