# JRE version: OpenJDK Runtime Environment Temurin-21.0.7+6 (21.0.7+6) (build 21.0.7+6-LTS)
# Java VM: OpenJDK 64-Bit Server VM Temurin-21.0.7+6 (21.0.7+6-LTS, mixed mode, sharing, tiered, compressed oops, compressed class ptrs, parallel gc, windows-amd64)
GC Precious Log:
 CardTable entry size: 512
 CPUs: 8 total, 8 available
 Memory: 16167M
 Large Page Support: Disabled
 NUMA Support: Disabled
 Compressed Oops: Enabled (32-bit)
 Alignments: Space 512K, Generation 512K, Heap 2M
 Heap Min Capacity: 100M
 Heap Initial Capacity: 100M
 Heap Max Capacity: 1G
 Pre-touch: Disabled
 Parallel Workers: 8
Heap:
 PSYoungGen      total 21504K, used 3936K [0x00000000eab00000, 0x00000000ec200000, 0x0000000100000000)
  eden space 20480K, 14% used [0x00000000eab00000,0x00000000eadd8c90,0x00000000ebf00000)
  from space 1024K, 99% used [0x00000000ec100000,0x00000000ec1ff6b0,0x00000000ec200000)
  to   space 1024K, 0% used [0x00000000ec000000,0x00000000ec000000,0x00000000ec100000)
 ParOldGen       total 68608K, used 55836K [0x00000000c0000000, 0x00000000c4300000, 0x00000000eab00000)
  object space 68608K, 81% used [0x00000000c0000000,0x00000000c36870b0,0x00000000c4300000)
 Metaspace       used 70600K, committed 72000K, reserved 1114112K
  class space    used 7987K, committed 8576K, reserved 1048576K
GC Heap History (20 events):
Event: 22.098 GC heap before
{Heap before GC invocations=32 (full 3):
 PSYoungGen      total 24576K, used 24354K [0x00000000eab00000, 0x00000000ec780000, 0x0000000100000000)
  eden space 22016K, 100% used [0x00000000eab00000,0x00000000ec080000,0x00000000ec080000)
  from space 2560K, 91% used [0x00000000ec500000,0x00000000ec748810,0x00000000ec780000)
  to   space 3072K, 0% used [0x00000000ec180000,0x00000000ec180000,0x00000000ec480000)
 ParOldGen       total 68608K, used 43202K [0x00000000c0000000, 0x00000000c4300000, 0x00000000eab00000)
  object space 68608K, 62% used [0x00000000c0000000,0x00000000c2a309d0,0x00000000c4300000)
 Metaspace       used 60116K, committed 61440K, reserved 1114112K
  class space    used 6918K, committed 7488K, reserved 1048576K
}
Event: 22.100 GC heap after
{Heap after GC invocations=32 (full 3):
 PSYoungGen      total 24576K, used 2052K [0x00000000eab00000, 0x00000000ec580000, 0x0000000100000000)
  eden space 22016K, 0% used [0x00000000eab00000,0x00000000eab00000,0x00000000ec080000)
  from space 2560K, 80% used [0x00000000ec180000,0x00000000ec381000,0x00000000ec400000)
  to   space 1536K, 0% used [0x00000000ec400000,0x00000000ec400000,0x00000000ec580000)
 ParOldGen       total 68608K, used 45352K [0x00000000c0000000, 0x00000000c4300000, 0x00000000eab00000)
  object space 68608K, 66% used [0x00000000c0000000,0x00000000c2c4a3b8,0x00000000c4300000)
 Metaspace       used 60116K, committed 61440K, reserved 1114112K
  class space    used 6918K, committed 7488K, reserved 1048576K
}
Event: 22.381 GC heap before
{Heap before GC invocations=33 (full 3):
 PSYoungGen      total 24576K, used 24068K [0x00000000eab00000, 0x00000000ec580000, 0x0000000100000000)
  eden space 22016K, 100% used [0x00000000eab00000,0x00000000ec080000,0x00000000ec080000)
  from space 2560K, 80% used [0x00000000ec180000,0x00000000ec381000,0x00000000ec400000)
  to   space 1536K, 0% used [0x00000000ec400000,0x00000000ec400000,0x00000000ec580000)
 ParOldGen       total 68608K, used 45352K [0x00000000c0000000, 0x00000000c4300000, 0x00000000eab00000)
  object space 68608K, 66% used [0x00000000c0000000,0x00000000c2c4a3b8,0x00000000c4300000)
 Metaspace       used 60637K, committed 61888K, reserved 1114112K
  class space    used 6969K, committed 7488K, reserved 1048576K
}
Event: 22.386 GC heap after
{Heap after GC invocations=33 (full 3):
 PSYoungGen      total 23040K, used 1536K [0x00000000eab00000, 0x00000000ec880000, 0x0000000100000000)
  eden space 21504K, 0% used [0x00000000eab00000,0x00000000eab00000,0x00000000ec000000)
  from space 1536K, 100% used [0x00000000ec400000,0x00000000ec580000,0x00000000ec580000)
  to   space 4096K, 0% used [0x00000000ec000000,0x00000000ec000000,0x00000000ec400000)
 ParOldGen       total 68608K, used 47313K [0x00000000c0000000, 0x00000000c4300000, 0x00000000eab00000)
  object space 68608K, 68% used [0x00000000c0000000,0x00000000c2e344b8,0x00000000c4300000)
 Metaspace       used 60637K, committed 61888K, reserved 1114112K
  class space    used 6969K, committed 7488K, reserved 1048576K
}
Event: 22.620 GC heap before
{Heap before GC invocations=34 (full 3):
 PSYoungGen      total 23040K, used 23040K [0x00000000eab00000, 0x00000000ec880000, 0x0000000100000000)
  eden space 21504K, 100% used [0x00000000eab00000,0x00000000ec000000,0x00000000ec000000)
  from space 1536K, 100% used [0x00000000ec400000,0x00000000ec580000,0x00000000ec580000)
  to   space 4096K, 0% used [0x00000000ec000000,0x00000000ec000000,0x00000000ec400000)
 ParOldGen       total 68608K, used 47313K [0x00000000c0000000, 0x00000000c4300000, 0x00000000eab00000)
  object space 68608K, 68% used [0x00000000c0000000,0x00000000c2e344b8,0x00000000c4300000)
 Metaspace       used 60970K, committed 62272K, reserved 1114112K
  class space    used 7017K, committed 7552K, reserved 1048576K
}
Event: 22.624 GC heap after
{Heap after GC invocations=34 (full 3):
 PSYoungGen      total 24064K, used 2048K [0x00000000eab00000, 0x00000000ec600000, 0x0000000100000000)
  eden space 21504K, 0% used [0x00000000eab00000,0x00000000eab00000,0x00000000ec000000)
  from space 2560K, 80% used [0x00000000ec000000,0x00000000ec200010,0x00000000ec280000)
  to   space 3072K, 0% used [0x00000000ec300000,0x00000000ec300000,0x00000000ec600000)
 ParOldGen       total 68608K, used 48813K [0x00000000c0000000, 0x00000000c4300000, 0x00000000eab00000)
  object space 68608K, 71% used [0x00000000c0000000,0x00000000c2fab530,0x00000000c4300000)
 Metaspace       used 60970K, committed 62272K, reserved 1114112K
  class space    used 7017K, committed 7552K, reserved 1048576K
}
Event: 22.736 GC heap before
{Heap before GC invocations=35 (full 3):
 PSYoungGen      total 24064K, used 23552K [0x00000000eab00000, 0x00000000ec600000, 0x0000000100000000)
  eden space 21504K, 100% used [0x00000000eab00000,0x00000000ec000000,0x00000000ec000000)
  from space 2560K, 80% used [0x00000000ec000000,0x00000000ec200010,0x00000000ec280000)
  to   space 3072K, 0% used [0x00000000ec300000,0x00000000ec300000,0x00000000ec600000)
 ParOldGen       total 68608K, used 48813K [0x00000000c0000000, 0x00000000c4300000, 0x00000000eab00000)
  object space 68608K, 71% used [0x00000000c0000000,0x00000000c2fab530,0x00000000c4300000)
 Metaspace       used 61116K, committed 62400K, reserved 1114112K
  class space    used 7027K, committed 7552K, reserved 1048576K
}
Event: 22.739 GC heap after
{Heap after GC invocations=35 (full 3):
 PSYoungGen      total 23552K, used 1880K [0x00000000eab00000, 0x00000000ec500000, 0x0000000100000000)
  eden space 21504K, 0% used [0x00000000eab00000,0x00000000eab00000,0x00000000ec000000)
  from space 2048K, 91% used [0x00000000ec300000,0x00000000ec4d6200,0x00000000ec500000)
  to   space 2048K, 0% used [0x00000000ec100000,0x00000000ec100000,0x00000000ec300000)
 ParOldGen       total 68608K, used 50747K [0x00000000c0000000, 0x00000000c4300000, 0x00000000eab00000)
  object space 68608K, 73% used [0x00000000c0000000,0x00000000c318ed18,0x00000000c4300000)
 Metaspace       used 61116K, committed 62400K, reserved 1114112K
  class space    used 7027K, committed 7552K, reserved 1048576K
}
Event: 23.270 GC heap before
{Heap before GC invocations=36 (full 3):
 PSYoungGen      total 23552K, used 23384K [0x00000000eab00000, 0x00000000ec500000, 0x0000000100000000)
  eden space 21504K, 100% used [0x00000000eab00000,0x00000000ec000000,0x00000000ec000000)
  from space 2048K, 91% used [0x00000000ec300000,0x00000000ec4d6200,0x00000000ec500000)
  to   space 2048K, 0% used [0x00000000ec100000,0x00000000ec100000,0x00000000ec300000)
 ParOldGen       total 68608K, used 50747K [0x00000000c0000000, 0x00000000c4300000, 0x00000000eab00000)
  object space 68608K, 73% used [0x00000000c0000000,0x00000000c318ed18,0x00000000c4300000)
 Metaspace       used 63662K, committed 65024K, reserved 1114112K
  class space    used 7350K, committed 7872K, reserved 1048576K
}
Event: 23.274 GC heap after
{Heap after GC invocations=36 (full 3):
 PSYoungGen      total 23040K, used 1416K [0x00000000eab00000, 0x00000000ec400000, 0x0000000100000000)
  eden space 21504K, 0% used [0x00000000eab00000,0x00000000eab00000,0x00000000ec000000)
  from space 1536K, 92% used [0x00000000ec100000,0x00000000ec262318,0x00000000ec280000)
  to   space 1536K, 0% used [0x00000000ec280000,0x00000000ec280000,0x00000000ec400000)
 ParOldGen       total 68608K, used 52480K [0x00000000c0000000, 0x00000000c4300000, 0x00000000eab00000)
  object space 68608K, 76% used [0x00000000c0000000,0x00000000c3340270,0x00000000c4300000)
 Metaspace       used 63662K, committed 65024K, reserved 1114112K
  class space    used 7350K, committed 7872K, reserved 1048576K
}
Event: 23.551 GC heap before
{Heap before GC invocations=37 (full 3):
 PSYoungGen      total 23040K, used 22920K [0x00000000eab00000, 0x00000000ec400000, 0x0000000100000000)
  eden space 21504K, 100% used [0x00000000eab00000,0x00000000ec000000,0x00000000ec000000)
  from space 1536K, 92% used [0x00000000ec100000,0x00000000ec262318,0x00000000ec280000)
  to   space 1536K, 0% used [0x00000000ec280000,0x00000000ec280000,0x00000000ec400000)
 ParOldGen       total 68608K, used 52480K [0x00000000c0000000, 0x00000000c4300000, 0x00000000eab00000)
  object space 68608K, 76% used [0x00000000c0000000,0x00000000c3340270,0x00000000c4300000)
 Metaspace       used 64180K, committed 65408K, reserved 1114112K
  class space    used 7385K, committed 7872K, reserved 1048576K
}
Event: 23.557 GC heap after
{Heap after GC invocations=37 (full 3):
 PSYoungGen      total 22016K, used 1533K [0x00000000eab00000, 0x00000000ec700000, 0x0000000100000000)
  eden space 20480K, 0% used [0x00000000eab00000,0x00000000eab00000,0x00000000ebf00000)
  from space 1536K, 99% used [0x00000000ec280000,0x00000000ec3ff7b8,0x00000000ec400000)
  to   space 3584K, 0% used [0x00000000ebf00000,0x00000000ebf00000,0x00000000ec280000)
 ParOldGen       total 68608K, used 53927K [0x00000000c0000000, 0x00000000c4300000, 0x00000000eab00000)
  object space 68608K, 78% used [0x00000000c0000000,0x00000000c34a9ca0,0x00000000c4300000)
 Metaspace       used 64180K, committed 65408K, reserved 1114112K
  class space    used 7385K, committed 7872K, reserved 1048576K
}
Event: 23.795 GC heap before
{Heap before GC invocations=38 (full 3):
 PSYoungGen      total 22016K, used 22013K [0x00000000eab00000, 0x00000000ec700000, 0x0000000100000000)
  eden space 20480K, 100% used [0x00000000eab00000,0x00000000ebf00000,0x00000000ebf00000)
  from space 1536K, 99% used [0x00000000ec280000,0x00000000ec3ff7b8,0x00000000ec400000)
  to   space 3584K, 0% used [0x00000000ebf00000,0x00000000ebf00000,0x00000000ec280000)
 ParOldGen       total 68608K, used 53927K [0x00000000c0000000, 0x00000000c4300000, 0x00000000eab00000)
  object space 68608K, 78% used [0x00000000c0000000,0x00000000c34a9ca0,0x00000000c4300000)
 Metaspace       used 64811K, committed 66112K, reserved 1114112K
  class space    used 7440K, committed 7936K, reserved 1048576K
}
Event: 23.801 GC heap after
{Heap after GC invocations=38 (full 3):
 PSYoungGen      total 20992K, used 160K [0x00000000eab00000, 0x00000000ec300000, 0x0000000100000000)
  eden space 20480K, 0% used [0x00000000eab00000,0x00000000eab00000,0x00000000ebf00000)
  from space 512K, 31% used [0x00000000ebf00000,0x00000000ebf28000,0x00000000ebf80000)
  to   space 1536K, 0% used [0x00000000ec180000,0x00000000ec180000,0x00000000ec300000)
 ParOldGen       total 68608K, used 54413K [0x00000000c0000000, 0x00000000c4300000, 0x00000000eab00000)
  object space 68608K, 79% used [0x00000000c0000000,0x00000000c3523640,0x00000000c4300000)
 Metaspace       used 64811K, committed 66112K, reserved 1114112K
  class space    used 7440K, committed 7936K, reserved 1048576K
}
Event: 25.286 GC heap before
{Heap before GC invocations=39 (full 3):
 PSYoungGen      total 20992K, used 20640K [0x00000000eab00000, 0x00000000ec300000, 0x0000000100000000)
  eden space 20480K, 100% used [0x00000000eab00000,0x00000000ebf00000,0x00000000ebf00000)
  from space 512K, 31% used [0x00000000ebf00000,0x00000000ebf28000,0x00000000ebf80000)
  to   space 1536K, 0% used [0x00000000ec180000,0x00000000ec180000,0x00000000ec300000)
 ParOldGen       total 68608K, used 54413K [0x00000000c0000000, 0x00000000c4300000, 0x00000000eab00000)
  object space 68608K, 79% used [0x00000000c0000000,0x00000000c3523640,0x00000000c4300000)
 Metaspace       used 66367K, committed 67712K, reserved 1114112K
  class space    used 7587K, committed 8128K, reserved 1048576K
}
Event: 25.287 GC heap after
{Heap after GC invocations=39 (full 3):
 PSYoungGen      total 20992K, used 512K [0x00000000eab00000, 0x00000000ec200000, 0x0000000100000000)
  eden space 20480K, 0% used [0x00000000eab00000,0x00000000eab00000,0x00000000ebf00000)
  from space 512K, 100% used [0x00000000ec180000,0x00000000ec200000,0x00000000ec200000)
  to   space 1024K, 0% used [0x00000000ec000000,0x00000000ec000000,0x00000000ec100000)
 ParOldGen       total 68608K, used 54469K [0x00000000c0000000, 0x00000000c4300000, 0x00000000eab00000)
  object space 68608K, 79% used [0x00000000c0000000,0x00000000c3531640,0x00000000c4300000)
 Metaspace       used 66367K, committed 67712K, reserved 1114112K
  class space    used 7587K, committed 8128K, reserved 1048576K
}
Event: 26.271 GC heap before
{Heap before GC invocations=40 (full 3):
 PSYoungGen      total 20992K, used 20992K [0x00000000eab00000, 0x00000000ec200000, 0x0000000100000000)
  eden space 20480K, 100% used [0x00000000eab00000,0x00000000ebf00000,0x00000000ebf00000)
  from space 512K, 100% used [0x00000000ec180000,0x00000000ec200000,0x00000000ec200000)
  to   space 1024K, 0% used [0x00000000ec000000,0x00000000ec000000,0x00000000ec100000)
 ParOldGen       total 68608K, used 54469K [0x00000000c0000000, 0x00000000c4300000, 0x00000000eab00000)
  object space 68608K, 79% used [0x00000000c0000000,0x00000000c3531640,0x00000000c4300000)
 Metaspace       used 68282K, committed 69696K, reserved 1114112K
  class space    used 7779K, committed 8384K, reserved 1048576K
}
Event: 26.272 GC heap after
{Heap after GC invocations=40 (full 3):
 PSYoungGen      total 21504K, used 906K [0x00000000eab00000, 0x00000000ec200000, 0x0000000100000000)
  eden space 20480K, 0% used [0x00000000eab00000,0x00000000eab00000,0x00000000ebf00000)
  from space 1024K, 88% used [0x00000000ec000000,0x00000000ec0e2b58,0x00000000ec100000)
  to   space 1024K, 0% used [0x00000000ec100000,0x00000000ec100000,0x00000000ec200000)
 ParOldGen       total 68608K, used 54781K [0x00000000c0000000, 0x00000000c4300000, 0x00000000eab00000)
  object space 68608K, 79% used [0x00000000c0000000,0x00000000c357f660,0x00000000c4300000)
 Metaspace       used 68282K, committed 69696K, reserved 1114112K
  class space    used 7779K, committed 8384K, reserved 1048576K
}
Event: 27.078 GC heap before
{Heap before GC invocations=41 (full 3):
 PSYoungGen      total 21504K, used 21386K [0x00000000eab00000, 0x00000000ec200000, 0x0000000100000000)
  eden space 20480K, 100% used [0x00000000eab00000,0x00000000ebf00000,0x00000000ebf00000)
  from space 1024K, 88% used [0x00000000ec000000,0x00000000ec0e2b58,0x00000000ec100000)
  to   space 1024K, 0% used [0x00000000ec100000,0x00000000ec100000,0x00000000ec200000)
 ParOldGen       total 68608K, used 54781K [0x00000000c0000000, 0x00000000c4300000, 0x00000000eab00000)
  object space 68608K, 79% used [0x00000000c0000000,0x00000000c357f660,0x00000000c4300000)
 Metaspace       used 70138K, committed 71552K, reserved 1114112K
  class space    used 7925K, committed 8512K, reserved 1048576K
}
Event: 27.080 GC heap after
{Heap after GC invocations=41 (full 3):
 PSYoungGen      total 21504K, used 1021K [0x00000000eab00000, 0x00000000ec200000, 0x0000000100000000)
  eden space 20480K, 0% used [0x00000000eab00000,0x00000000eab00000,0x00000000ebf00000)
  from space 1024K, 99% used [0x00000000ec100000,0x00000000ec1ff6b0,0x00000000ec200000)
  to   space 1024K, 0% used [0x00000000ec000000,0x00000000ec000000,0x00000000ec100000)
 ParOldGen       total 68608K, used 55836K [0x00000000c0000000, 0x00000000c4300000, 0x00000000eab00000)
  object space 68608K, 81% used [0x00000000c0000000,0x00000000c36870b0,0x00000000c4300000)
 Metaspace       used 70138K, committed 71552K, reserved 1114112K
  class space    used 7925K, committed 8512K, reserved 1048576K
}

